<?xml version="1.0" encoding="UTF-8"?>
<!-- Generated by org.testng.reporters.JUnitReportReporter -->
<testsuite hostname="CGSCLXI53728302" failures="0" tests="1" name="ExtentReport" time="14.989" errors="0" timestamp="2022-09-29T01:07:34 IST" skipped="0">
  <testcase classname="ExtentReport" name="getExtentReport" time="14.989"/>
  <system-out/>
</testsuite> <!-- ExtentReport -->
